erns
erst
estrin
eths
heir
heirs
heist
hens
hent
hents
hern
herns
hers
hest
hets
hies
hinter
hinters
hire
hires
inert
inerts
insert
inset
inter
inters
ires
ither
neist
nerts
nest
nets
nite
niter
niters
nites
nitre
nitres
rein
reins
reis
rent
rents
resh
resin
rest
rets
rinse
rise
risen
rite
rites
sent
senti
serin
shent
shier
shine
shiner
shire
shrine
sine
sinter
sire
siren
site
stein
stern
tens
tern
terns
thein
theins
their
theirs
then
thens
thine
tier
tiers
ties
tine
tines
tire
tires
triens
tries
trine
trines
